<?xml version="1.0" encoding="UTF-8"?>
<testsuite xmlns:xsi="http://www.w3.org/2001/XMLSchema-instance" xsi:noNamespaceSchemaLocation="https://maven.apache.org/surefire/maven-surefire-plugin/xsd/surefire-test-report.xsd" version="3.0.1" name="fr.isima_zz2_f5.app.AwesomePasswordCheckerTest" time="0.053" tests="1" errors="1" skipped="0" failures="0">
  <properties>
[...]
</properties>
  <testcase name="maskAffTest" classname="fr.isima_zz2_f5.app.AwesomePasswordCheckerTest" time="0.012">
    <error message="Unresolved compilation problems: &#10;	Syntax error on token &quot;package&quot;, import expected&#10;	The declared package &quot;fr.isima.codereview.tp1&quot; does not match the expected package &quot;fr.isima_zz2_f5.app&quot;&#10;	The method maskAff(String) is undefined for the type AwesomePasswordCheckerTest&#10;" type="java.lang.Error"><![CDATA[java.lang.Error: 
Unresolved compilation problems: 
	Syntax error on token "package", import expected
	The declared package "fr.isima.codereview.tp1" does not match the expected package "fr.isima_zz2_f5.app"
	The method maskAff(String) is undefined for the type AwesomePasswordCheckerTest

	at fr.isima_zz2_f5.app.AwesomePasswordCheckerTest.<init>(AwesomePasswordCheckerTest.java:2)
	at java.base/java.lang.reflect.Constructor.newInstanceWithCaller(Constructor.java:501)
	at java.base/java.lang.reflect.Constructor.newInstance(Constructor.java:485)
	at java.base/java.util.Optional.orElseGet(Optional.java:364)
	at java.base/java.util.ArrayList.forEach(ArrayList.java:1597)
	at java.base/java.util.ArrayList.forEach(ArrayList.java:1597)
]]></error>
  </testcase>
</testsuite>